VideoSDK/build/outputs/logs/manifest-merger-debug-report.txt
-- Merging decision tree log ---
manifest
ADDED from OptimalWorking\VideoSDK\AndroidManifest.xml:2:1-106:12
INJECTED from OptimalWorking\VideoSDK\AndroidManifest.xml:2:1-106:12
INJECTED from OptimalWorking\VideoSDK\AndroidManifest.xml:2:1-106:12
INJECTED from OptimalWorking\VideoSDK\AndroidManifest.xml:2:1-106:12
INJECTED from OptimalWorking\VideoSDK\AndroidManifest.xml:2:1-106:12
INJECTED from OptimalWorking\VideoSDK\AndroidManifest.xml:2:1-106:12
INJECTED from OptimalWorking\VideoSDK\AndroidManifest.xml:2:1-106:12
	package
		ADDED from OptimalWorking\VideoSDK\AndroidManifest.xml:3:5-37
		INJECTED from OptimalWorking\VideoSDK\AndroidManifest.xml
		INJECTED from OptimalWorking\VideoSDK\AndroidManifest.xml
	android:versionName
		ADDED from OptimalWorking\VideoSDK\AndroidManifest.xml:5:5-30
		INJECTED from OptimalWorking\VideoSDK\AndroidManifest.xml
		INJECTED from OptimalWorking\VideoSDK\AndroidManifest.xml
	xmlns:android
		ADDED from OptimalWorking\VideoSDK\AndroidManifest.xml:2:11-69
	android:versionCode
		ADDED from OptimalWorking\VideoSDK\AndroidManifest.xml:4:5-28
		INJECTED from OptimalWorking\VideoSDK\AndroidManifest.xml
		INJECTED from OptimalWorking\VideoSDK\AndroidManifest.xml
uses-feature#android.hardware.camera
ADDED from OptimalWorking\VideoSDK\AndroidManifest.xml:11:5-60
	android:name
		ADDED from OptimalWorking\VideoSDK\AndroidManifest.xml:11:19-57
uses-feature#android.hardware.camera.autofocus
ADDED from OptimalWorking\VideoSDK\AndroidManifest.xml:12:5-70
	android:name
		ADDED from OptimalWorking\VideoSDK\AndroidManifest.xml:12:19-67
uses-feature#android.hardware.camera.flash
ADDED from OptimalWorking\VideoSDK\AndroidManifest.xml:13:5-66
	android:name
		ADDED from OptimalWorking\VideoSDK\AndroidManifest.xml:13:19-63
uses-permission#android.permission.READ_PHONE_STATE
ADDED from OptimalWorking\VideoSDK\AndroidManifest.xml:15:5-75
	android:name
		ADDED from OptimalWorking\VideoSDK\AndroidManifest.xml:15:22-72
uses-permission#android.permission.WRITE_EXTERNAL_STORAGE
ADDED from OptimalWorking\VideoSDK\AndroidManifest.xml:16:5-81
	android:name
		ADDED from OptimalWorking\VideoSDK\AndroidManifest.xml:16:22-78
uses-permission#android.permission.CAMERA
ADDED from OptimalWorking\VideoSDK\AndroidManifest.xml:17:5-65
	android:name
		ADDED from OptimalWorking\VideoSDK\AndroidManifest.xml:17:22-62
uses-permission#android.permission.RECORD_VIDEO
ADDED from OptimalWorking\VideoSDK\AndroidManifest.xml:18:5-71
	android:name
		ADDED from OptimalWorking\VideoSDK\AndroidManifest.xml:18:22-68
uses-permission#android.permission.RECORD_AUDIO
ADDED from OptimalWorking\VideoSDK\AndroidManifest.xml:19:5-71
	android:name
		ADDED from OptimalWorking\VideoSDK\AndroidManifest.xml:19:22-68
uses-permission#android.permission.FLASHLIGHT
ADDED from OptimalWorking\VideoSDK\AndroidManifest.xml:20:5-69
	android:name
		ADDED from OptimalWorking\VideoSDK\AndroidManifest.xml:20:22-66
uses-permission#android.permission.WAKE_LOCK
ADDED from OptimalWorking\VideoSDK\AndroidManifest.xml:21:5-68
	android:name
		ADDED from OptimalWorking\VideoSDK\AndroidManifest.xml:21:22-65
uses-permission#android.permission.INTERNET
ADDED from OptimalWorking\VideoSDK\AndroidManifest.xml:22:5-67
	android:name
		ADDED from OptimalWorking\VideoSDK\AndroidManifest.xml:22:22-64
uses-permission#android.permission.ACCESS_NETWORK_STATE
ADDED from OptimalWorking\VideoSDK\AndroidManifest.xml:23:5-79
	android:name
		ADDED from OptimalWorking\VideoSDK\AndroidManifest.xml:23:22-76
uses-permission#android.permission.READ_EXTERNAL_STORAGE
ADDED from OptimalWorking\VideoSDK\AndroidManifest.xml:24:5-80
	android:name
		ADDED from OptimalWorking\VideoSDK\AndroidManifest.xml:24:22-77
application
ADDED from OptimalWorking\VideoSDK\AndroidManifest.xml:26:5-104:19
	android:allowBackup
		ADDED from OptimalWorking\VideoSDK\AndroidManifest.xml:28:9-36
	android:name
		ADDED from OptimalWorking\VideoSDK\AndroidManifest.xml:27:9-58
activity#com.taobao.TaoRecordVideoActivity
ADDED from OptimalWorking\VideoSDK\AndroidManifest.xml:29:9-34:20
	android:screenOrientation
		ADDED from OptimalWorking\VideoSDK\AndroidManifest.xml:32:13-49
	android:configChanges
		ADDED from OptimalWorking\VideoSDK\AndroidManifest.xml:31:13-63
	android:theme
		ADDED from OptimalWorking\VideoSDK\AndroidManifest.xml:33:13-60
	android:name
		ADDED from OptimalWorking\VideoSDK\AndroidManifest.xml:30:13-61
activity#com.taobao.TaoPlayRecordVideoActivity
ADDED from OptimalWorking\VideoSDK\AndroidManifest.xml:35:9-41:20
	android:screenOrientation
		ADDED from OptimalWorking\VideoSDK\AndroidManifest.xml:38:13-49
	android:windowSoftInputMode
		ADDED from OptimalWorking\VideoSDK\AndroidManifest.xml:40:13-73
	android:configChanges
		ADDED from OptimalWorking\VideoSDK\AndroidManifest.xml:37:13-63
	android:theme
		ADDED from OptimalWorking\VideoSDK\AndroidManifest.xml:39:13-60
	android:name
		ADDED from OptimalWorking\VideoSDK\AndroidManifest.xml:36:13-65
activity#com.taobao.URLDispatchActivity
ADDED from OptimalWorking\VideoSDK\AndroidManifest.xml:42:9-45:20
	android:theme
		ADDED from OptimalWorking\VideoSDK\AndroidManifest.xml:44:13-60
	android:name
		ADDED from OptimalWorking\VideoSDK\AndroidManifest.xml:43:13-58
activity#com.taobao.TaoVideoFilterActivity
ADDED from OptimalWorking\VideoSDK\AndroidManifest.xml:46:9-49:20
	android:theme
		ADDED from OptimalWorking\VideoSDK\AndroidManifest.xml:48:13-60
	android:name
		ADDED from OptimalWorking\VideoSDK\AndroidManifest.xml:47:13-61
activity#com.im.IMRecordVideoActivity
ADDED from OptimalWorking\VideoSDK\AndroidManifest.xml:50:9-80:20
	android:screenOrientation
		ADDED from OptimalWorking\VideoSDK\AndroidManifest.xml:53:13-49
	android:configChanges
		ADDED from OptimalWorking\VideoSDK\AndroidManifest.xml:52:13-63
	android:theme
		ADDED from OptimalWorking\VideoSDK\AndroidManifest.xml:54:13-60
	android:name
		ADDED from OptimalWorking\VideoSDK\AndroidManifest.xml:51:13-56
intent-filter#action:name:android.intent.action.VIEW+category:name:android.intent.category.BROWSABLE+category:name:android.intent.category.DEFAULT+data:host:svideo.m.taobao.com+data:host:svideo.m.taobao.com+data:host:svideo.m.taobao.com+data:host:svideo.m.taobao.com+data:path:/av/imrecorder.html+data:path:/av/imrecorder.html+data:path:/av/imrecorder.html+data:path:/av/imstrecorder.html+data:path:/av/imstrecorder.html+data:path:/av/imstrecorder.html+data:scheme:http+data:scheme:http+data:scheme:https+data:scheme:https
ADDED from OptimalWorking\VideoSDK\AndroidManifest.xml:55:13-79:29
action#android.intent.action.VIEW
ADDED from OptimalWorking\VideoSDK\AndroidManifest.xml:56:17-69
	android:name
		ADDED from OptimalWorking\VideoSDK\AndroidManifest.xml:56:25-66
category#android.intent.category.DEFAULT
ADDED from OptimalWorking\VideoSDK\AndroidManifest.xml:58:17-76
	android:name
		ADDED from OptimalWorking\VideoSDK\AndroidManifest.xml:58:27-73
category#android.intent.category.BROWSABLE
ADDED from OptimalWorking\VideoSDK\AndroidManifest.xml:59:17-78
	android:name
		ADDED from OptimalWorking\VideoSDK\AndroidManifest.xml:59:27-75
data
ADDED from OptimalWorking\VideoSDK\AndroidManifest.xml:61:17-64:45
	android:path
		ADDED from OptimalWorking\VideoSDK\AndroidManifest.xml:63:21-55
	android:host
		ADDED from OptimalWorking\VideoSDK\AndroidManifest.xml:62:21-55
	android:scheme
		ADDED from OptimalWorking\VideoSDK\AndroidManifest.xml:64:21-42
activity#com.im.IMPlayRecordVideoActivity
ADDED from OptimalWorking\VideoSDK\AndroidManifest.xml:81:9-103:20
	android:screenOrientation
		ADDED from OptimalWorking\VideoSDK\AndroidManifest.xml:84:13-49
	android:windowSoftInputMode
		ADDED from OptimalWorking\VideoSDK\AndroidManifest.xml:86:13-73
	android:configChanges
		ADDED from OptimalWorking\VideoSDK\AndroidManifest.xml:83:13-63
	android:theme
		ADDED from OptimalWorking\VideoSDK\AndroidManifest.xml:85:13-60
	android:name
		ADDED from OptimalWorking\VideoSDK\AndroidManifest.xml:82:13-60
intent-filter#action:name:android.intent.action.VIEW+category:name:android.intent.category.BROWSABLE+category:name:android.intent.category.DEFAULT+data:host:svideo.m.taobao.com+data:host:svideo.m.taobao.com+data:path:/av/imstpreview.html+data:path:/av/imstpreview.html+data:path:/av/imstpreview.html+data:scheme:http+data:scheme:https
ADDED from OptimalWorking\VideoSDK\AndroidManifest.xml:87:13-102:29
uses-sdk
INJECTED from OptimalWorking\VideoSDK\AndroidManifest.xml reason: use-sdk injection requested
INJECTED from OptimalWorking\VideoSDK\AndroidManifest.xml
INJECTED from OptimalWorking\VideoSDK\AndroidManifest.xml
INJECTED from OptimalWorking\VideoSDK\AndroidManifest.xml
INJECTED from OptimalWorking\VideoSDK\AndroidManifest.xml
	android:targetSdkVersion
		INJECTED from OptimalWorking\VideoSDK\AndroidManifest.xml
		ADDED from OptimalWorking\VideoSDK\AndroidManifest.xml
		INJECTED from OptimalWorking\VideoSDK\AndroidManifest.xml
	android:minSdkVersion
		INJECTED from OptimalWorking\VideoSDK\AndroidManifest.xml
		ADDED from OptimalWorking\VideoSDK\AndroidManifest.xml
		INJECTED from OptimalWorking\VideoSDK\AndroidManifest.xml